time="2023-06-30T17:57:19+08:00" level=info msg="Setting up database"
time="2023-06-30T17:57:19+08:00" level=info msg="redis init on port 127.0.0.1:6379"
time="2023-06-30T17:57:25+08:00" level=info msg="&{{{0 0} 0 0 {{} 0} {{} 0}} 0xc0001e0f00 <nil> 1 0xc0007456c0 false 0 {0xc000172410} 0xc000176f20 {{0 0} {[] {} <nil>} map[] 0} 0xc000745790 <nil> 0xc0000084e0 false <nil>}"
time="2023-06-30T17:57:25+08:00" level=info msg="&{{{0 0} 0 0 {{} 0} {{} 0}} 0xc000008b40 <nil> 0 0xc0007456c0 false 0 {0xc000172410} 0xc00062ac60 {{0 0} {[] {} <nil>} map[] 0} 0xc000745790 <nil> 0xc000009398 false <nil>}"
time="2023-06-30T17:57:25+08:00" level=info msg="&{{{0 0} 0 0 {{} 0} {{} 0}} 0xc000196780 record not found 0 0xc0007456c0 false 0 {0xc000172410} 0xc00062bce0 {{0 0} {[] {} <nil>} map[] 0} 0xc000745790 <nil> 0xc0000096b0 false <nil>}"
time="2023-06-30T17:57:30+08:00" level=info msg="&{{{0 0} 0 0 {{} 0} {{} 0}} 0xc00075a8a0 <nil> 1 0xc0007456c0 false 0 {0xc000172410} 0xc00024a9a0 {{0 0} {[] {} <nil>} map[] 0} 0xc000745790 <nil> 0xc0005ba2a0 false <nil>}"
time="2023-06-30T17:41:21+08:00" level=info msg="&{{{0 0} 0 0 {{} 0} {{} 0}} 0xc0002f7840 <nil> 1 0xc00002e1a0 false 0 {0xc0001b23c0} 0xc0001a5ce0 {{0 0} {[] {} <nil>} map[] 0} 0xc00002e270 <nil> 0xc0000082e8 false <nil>}"
time="2023-06-30T17:41:21+08:00" level=info msg="&{{{0 0} 0 0 {{} 0} {{} 0}} 0xc000713380 <nil> 1 0xc00002e1a0 false 0 {0xc0001b23c0} 0xc0001b7600 {{0 0} {[] {} <nil>} map[] 0} 0xc00002e270 <nil> 0xc000008738 false <nil>}"
time="2023-06-30T17:41:21+08:00" level=info msg="&{{{0 0} 0 0 {{} 0} {{} 0}} 0xc000008ae0 <nil> 1 0xc00002e1a0 false 0 {0xc0001b23c0} 0xc0000774a0 {{0 0} {[] {} <nil>} map[] 0} 0xc00002e270 <nil> 0xc000008d98 false <nil>}"
time="2023-06-30T17:41:21+08:00" level=info msg="&{{{0 0} 0 0 {{} 0} {{} 0}} 0xc0002f7f00 <nil> 1 0xc00002e1a0 false 0 {0xc0001b23c0} 0xc000096580 {{0 0} {[] {} <nil>} map[] 0} 0xc00002e270 <nil> 0xc0000090f8 false <nil>}"
time="2023-06-30T17:41:23+08:00" level=info msg="&{{{0 0} 0 0 {{} 0} {{} 0}} 0xc000646480 <nil> 1 0xc00002e1a0 false 0 {0xc0001b23c0} 0xc0001b6f20 {{0 0} {[] {} <nil>} map[] 0} 0xc00002e270 <nil> 0xc000008318 false <nil>}"
time="2023-06-30T17:41:23+08:00" level=info msg="&{{{0 0} 0 0 {{} 0} {{} 0}} 0xc0000086d8 <nil> 0 0xc00002e1a0 false 0 {0xc0001b23c0} 0xc00024cb00 {{0 0} {[] {} <nil>} map[] 0} 0xc00002e270 <nil> 0xc000008870 false <nil>}"
time="2023-06-30T17:41:23+08:00" level=info msg="&{{{0 0} 0 0 {{} 0} {{} 0}} 0xc0001d6400 record not found 0 0xc00002e1a0 false 0 {0xc0001b23c0} 0xc00024db80 {{0 0} {[] {} <nil>} map[] 0} 0xc00002e270 <nil> 0xc000008b88 false <nil>}"
time="2023-06-30T17:41:27+08:00" level=info msg="&{{{0 0} 0 0 {{} 0} {{} 0}} 0xc00073baa0 <nil> 1 0xc00002e1a0 false 0 {0xc0001b23c0} 0xc0007011e0 {{0 0} {[] {} <nil>} map[] 0} 0xc00002e270 <nil> 0xc00065da70 false <nil>}"
time="2023-06-30T17:41:27+08:00" level=info msg="&{{{0 0} 0 0 {{} 0} {{} 0}} 0xc00065de18 <nil> 0 0xc00002e1a0 false 0 {0xc0001b23c0} 0xc00049af20 {{0 0} {[] {} <nil>} map[] 0} 0xc00002e270 <nil> 0xc00065dfb0 false <nil>}"
time="2023-06-30T17:41:27+08:00" level=info msg="&{{{0 0} 0 0 {{} 0} {{} 0}} 0xc0004a2000 record not found 0 0xc00002e1a0 false 0 {0xc0001b23c0} 0xc0004b2000 {{0 0} {[] {} <nil>} map[] 0} 0xc00002e270 <nil> 0xc000092840 false <nil>}"
time="2023-06-30T17:41:30+08:00" level=info msg="&{{{0 0} 0 0 {{} 0} {{} 0}} 0xc000596b40 <nil> 1 0xc00002e1a0 false 0 {0xc0001b23c0} 0xc000700dc0 {{0 0} {[] {} <nil>} map[] 0} 0xc00002e270 <nil> 0xc0005c22e8 false <nil>}"
time="2023-06-30T17:41:30+08:00" level=info msg="&{{{0 0} 0 0 {{} 0} {{} 0}} 0xc0005c2528 <nil> 1 0xc00002e1a0 false 0 {0xc0001b23c0} 0xc00075c580 {{0 0} {[] {} <nil>} map[] 0} 0xc00002e270 <nil> 0xc0005c2750 false <nil>}"
time="2023-06-30T17:41:30+08:00" level=info msg="&{{{0 0} 0 0 {{} 0} {{} 0}} 0xc0005a0680 <nil> 1 0xc00002e1a0 false 0 {0xc0001b23c0} 0xc00075d600 {{0 0} {[] {} <nil>} map[] 0} 0xc00002e270 <nil> 0xc0005c2a80 false <nil>}"
time="2023-06-30T17:41:31+08:00" level=info msg="&{{{0 0} 0 0 {{} 0} {{} 0}} 0xc00006a780 <nil> 1 0xc00002e1a0 false 0 {0xc0001b23c0} 0xc0005ceb00 {{0 0} {[] {} <nil>} map[] 0} 0xc00002e270 <nil> 0xc000008348 false <nil>}"
time="2023-06-30T17:41:31+08:00" level=info msg="&{{{0 0} 0 0 {{} 0} {{} 0}} 0xc000008588 <nil> 0 0xc00002e1a0 false 0 {0xc0001b23c0} 0xc0005cfe40 {{0 0} {[] {} <nil>} map[] 0} 0xc00002e270 <nil> 0xc000008720 false <nil>}"
time="2023-06-30T17:41:31+08:00" level=info msg="&{{{0 0} 0 0 {{} 0} {{} 0}} 0xc000032440 record not found 0 0xc00002e1a0 false 0 {0xc0001b23c0} 0xc0001c6f20 {{0 0} {[] {} <nil>} map[] 0} 0xc00002e270 <nil> 0xc000008a38 false <nil>}"
time="2023-06-30T17:41:37+08:00" level=info msg="&{{{0 0} 0 0 {{} 0} {{} 0}} 0xc000447aa0 <nil> 1 0xc00002e1a0 false 0 {0xc0001b23c0} 0xc000761080 {{0 0} {[] {} <nil>} map[] 0} 0xc00002e270 <nil> 0xc000009278 false <nil>}"
time="2023-06-30T17:41:39+08:00" level=info msg="&{{{0 0} 0 0 {{} 0} {{} 0}} 0xc000446480 <nil> 1 0xc00002e1a0 false 0 {0xc0001b23c0} 0xc000700b00 {{0 0} {[] {} <nil>} map[] 0} 0xc00002e270 <nil> 0xc000092828 false <nil>}"
time="2023-06-30T17:41:39+08:00" level=info msg="&{{{0 0} 0 0 {{} 0} {{} 0}} 0xc0000932c0 <nil> 1 0xc00002e1a0 false 0 {0xc0001b23c0} 0xc000498840 {{0 0} {[] {} <nil>} map[] 0} 0xc00002e270 <nil> 0xc0000934e8 false <nil>}"
time="2023-06-30T17:41:39+08:00" level=info msg="&{{{0 0} 0 0 {{} 0} {{} 0}} 0xc0002f6680 <nil> 1 0xc00002e1a0 false 0 {0xc0001b23c0} 0xc0004998c0 {{0 0} {[] {} <nil>} map[] 0} 0xc00002e270 <nil> 0xc000093818 false <nil>}"
time="2023-06-30T17:41:40+08:00" level=info msg="&{{{0 0} 0 0 {{} 0} {{} 0}} 0xc000731f20 <nil> 1 0xc00002e1a0 false 0 {0xc0001b23c0} 0xc0003e0840 {{0 0} {[] {} <nil>} map[] 0} 0xc00002e270 <nil> 0xc0005c2b28 false <nil>}"
time="2023-06-30T17:41:40+08:00" level=info msg="&{{{0 0} 0 0 {{} 0} {{} 0}} 0xc0005c2048 <nil> 0 0xc00002e1a0 false 0 {0xc0001b23c0} 0xc0006da420 {{0 0} {[] {} <nil>} map[] 0} 0xc00002e270 <nil> 0xc0006d20f0 false <nil>}"
time="2023-06-30T17:41:40+08:00" level=info msg="&{{{0 0} 0 0 {{} 0} {{} 0}} 0xc0006de140 record not found 0 0xc00002e1a0 false 0 {0xc0001b23c0} 0xc0006db4a0 {{0 0} {[] {} <nil>} map[] 0} 0xc00002e270 <nil> 0xc0006d2408 false <nil>}"
time="2023-06-30T17:41:44+08:00" level=info msg="&{{{0 0} 0 0 {{} 0} {{} 0}} 0xc0001d4c00 <nil> 1 0xc00002e1a0 false 0 {0xc0001b23c0} 0xc000700580 {{0 0} {[] {} <nil>} map[] 0} 0xc00002e270 <nil> 0xc0006d2780 false <nil>}"
time="2023-06-30T17:42:02+08:00" level=info msg="&{{{0 0} 0 0 {{} 0} {{} 0}} 0xc00006a9c0 <nil> 1 0xc00002e1a0 false 0 {0xc0001b23c0} 0xc0003e1b80 {{0 0} {[] {} <nil>} map[] 0} 0xc00002e270 <nil> 0xc0005c25b8 false <nil>}"
time="2023-06-30T17:42:04+08:00" level=info msg="&{{{0 0} 0 0 {{} 0} {{} 0}} 0xc00006b380 <nil> 1 0xc00002e1a0 false 0 {0xc0001b23c0} 0xc0001b7760 {{0 0} {[] {} <nil>} map[] 0} 0xc00002e270 <nil> 0xc0005c2b70 false <nil>}"
g="&{{{0 0} 0 0 {{} 0} {{} 0}} 0xc0006a5740 <nil> 1 0xc0004be340 false 0 {0xc0001f4410} 0xc000477a20 {{0 0} {[] {} <nil>} map[] 0} 0xc0004be410 <nil> 0xc00079caf8 false <nil>}"
time="2023-06-30T14:26:18+08:00" level=error msg="openId parameter not set true"
time="2023-06-30T14:26:18+08:00" level=info msg="&{{{0 0} 0 0 {{} 0} {{} 0}} 0xc000086540 <nil> 1 0xc0004be340 false 0 {0xc0001f4410} 0xc000564c60 {{0 0} {[] {} <nil>} map[] 0} 0xc0004be410 <nil> 0xc00079c2a0 false <nil>}"
time="2023-06-30T14:26:18+08:00" level=info msg="&{{{0 0} 0 0 {{} 0} {{} 0}} 0xc00044a260 <nil> 1 0xc0004be340 false 0 {0xc0001f4410} 0xc000565600 {{0 0} {[] {} <nil>} map[] 0} 0xc0004be410 <nil> 0xc00079c4e0 false <nil>}"
time="2023-06-30T14:26:18+08:00" level=info msg="用户文件数量为count: &{{{0 0} 0 0 {{} 0} {{} 0}} 0xc00079c678 <nil> 0 0xc0004be340 false 0 {0xc0001f4410} 0xc00031c9a0 {{0 0} {[] {} 0xc00069eb90} map[] 0} 0xc0004be410 <nil> 0xc00079c7e0 false <nil>}"
time="2023-06-30T14:26:19+08:00" level=info msg="&{{{0 0} 0 0 {{} 0} {{} 0}} 0xc00016bec0 <nil> 1 0xc0004be340 false 0 {0xc0001f4410} 0xc000444c60 {{0 0} {[] {} <nil>} map[] 0} 0xc0004be410 <nil> 0xc000009a70 false <nil>}"
time="2023-06-30T14:26:19+08:00" level=info msg="&{{{0 0} 0 0 {{} 0} {{} 0}} 0xc000009cb0 <nil> 1 0xc0004be340 false 0 {0xc0001f4410} 0xc00048c2c0 {{0 0} {[] {} <nil>} map[] 0} 0xc0004be410 <nil> 0xc000009ed8 false <nil>}"
time="2023-06-30T14:26:19+08:00" level=info msg="&{{{0 0} 0 0 {{} 0} {{} 0}} 0xc000619900 <nil> 1 0xc0004be340 false 0 {0xc0001f4410} 0xc00048d340 {{0 0} {[] {} <nil>} map[] 0} 0xc0004be410 <nil> 0xc000706210 false <nil>}"
time="2023-06-30T14:26:33+08:00" level=info msg="&{{{0 0} 0 0 {{} 0} {{} 0}} 0xc0005604e0 <nil> 1 0xc0004be340 false 0 {0xc0001f4410} 0xc0001f8dc0 {{0 0} {[] {} <nil>} map[] 0} 0xc0004be410 <nil> 0xc00036c3d8 false <nil>}"
time="2023-06-30T14:26:35+08:00" level=error msg="获取存储空间实例错误 bucket name  len is between [3-63],now is 0"
time="2023-06-30T14:27:40+08:00" level=info msg="&{{{0 0} 0 0 {{} 0} {{} 0}} 0xc0007805a0 <nil> 1 0xc0004be340 false 0 {0xc0001f4410} 0xc0009d6c60 {{0 0} {[] {} <nil>} map[] 0} 0xc0004be410 <nil> 0xc000706270 false <nil>}"
time="2023-06-30T14:27:40+08:00" level=info msg="&{{{0 0} 0 0 {{} 0} {{} 0}} 0xc0007064b0 <nil> 1 0xc0004be340 false 0 {0xc0001f4410} 0xc0001f8420 {{0 0} {[] {} <nil>} map[] 0} 0xc0004be410 <nil> 0xc0007066d8 false <nil>}"
time="2023-06-30T14:27:40+08:00" level=info msg="&{{{0 0} 0 0 {{} 0} {{} 0}} 0xc000496500 <nil> 1 0xc0004be340 false 0 {0xc0001f4410} 0xc0001f94a0 {{0 0} {[] {} <nil>} map[] 0} 0xc0004be410 <nil> 0xc000706a08 false <nil>}"
time="2023-06-30T14:27:42+08:00" level=info msg="&{{{0 0} 0 0 {{} 0} {{} 0}} 0xc000560480 <nil> 1 0xc0004be340 false 0 {0xc0001f4410} 0xc00031cb00 {{0 0} {[] {} <nil>} map[] 0} 0xc0004be410 <nil> 0xc000008810 false <nil>}"
time="2023-06-30T14:27:42+08:00" level=info msg="&{{{0 0} 0 0 {{} 0} {{} 0}} 0xc0000092a8 <nil> 1 0xc0004be340 false 0 {0xc0001f4410} 0xc0001f89a0 {{0 0} {[] {} <nil>} map[] 0} 0xc0004be410 <nil> 0xc0000094d0 false <nil>}"
time="2023-06-30T14:27:42+08:00" level=info msg="&{{{0 0} 0 0 {{} 0} {{} 0}} 0xc000236700 <nil> 1 0xc0004be340 false 0 {0xc0001f4410} 0xc0001f9a20 {{0 0} {[] {} <nil>} map[] 0} 0xc0004be410 <nil> 0xc000009800 false <nil>}"
time="2023-06-30T14:27:44+08:00" level=info msg="&{{{0 0} 0 0 {{} 0} {{} 0}} 0xc00079e4e0 <nil> 1 0xc0004be340 false 0 {0xc0001f4410} 0xc000412b00 {{0 0} {[] {} <nil>} map[] 0} 0xc0004be410 <nil> 0xc0007062b8 false <nil>}"
time="2023-06-30T14:27:44+08:00" level=info msg="&{{{0 0} 0 0 {{} 0} {{} 0}} 0xc000706660 <nil> 1 0xc0004be340 false 0 {0xc0001f4410} 0xc000422840 {{0 0} {[] {} <nil>} map[] 0} 0xc0004be410 <nil> 0xc000706888 false <nil>}"
time="2023-06-30T14:27:44+08:00" level=info msg="&{{{0 0} 0 0 {{} 0} {{} 0}} 0xc0004965c0 record not found 0 0xc0004be340 false 0 {0xc0001f4410} 0xc000423b80 {{0 0} {[] {} <nil>} map[] 0} 0xc0004be410 <nil> 0xc000706c30 false <nil>}"
time="2023-06-30T14:27:47+08:00" level=error msg="openId parameter not set true"
time="2023-06-30T14:27:47+08:00" level=info msg="&{{{0 0} 0 0 {{} 0} {{} 0}} 0xc0006a0540 <nil> 1 0xc0004be340 false 0 {0xc0001f4410} 0xc00031cb00 {{0 0} {[] {} <nil>} map[] 0} 0xc0004be410 <nil> 0xc0005983c0 false <nil>}"
time="2023-06-30T14:27:47+08:00" level=info msg="&{{{0 0} 0 0 {{} 0} {{} 0}} 0xc0003e66c0 <nil> 1 0xc0004be340 false 0 {0xc0001f4410} 0xc00031d4a0 {{0 0} {[] {} <nil>} map[] 0} 0xc0004be410 <nil> 0xc000598600 false <nil>}"
time="2023-06-30T14:27:47+08:00" level=info msg="用户文件数量为count: &{{{0 0} 0 0 {{} 0} {{} 0}} 0xc000598798 <nil> 0 0xc0004be340 false 0 {0xc0001f4410} 0xc0001f86e0 {{0 0} {[] {} 0xc00035cb00} map[] 0} 0xc0004be410 <nil> 0xc000598900 false <nil>}"
time="2023-06-30T14:27:49+08:00" level=info msg="&{{{0 0} 0 0 {{} 0} {{} 0}} 0xc00079e540 <nil> 1 0xc0004be340 false 0 {0xc0001f4410} 0xc0000949a0 {{0 0} {[] {} <nil>} map[] 0} 0xc0004be410 <nil> 0xc000912288 false <nil>}"
time="2023-06-30T14:27:49+08:00" level=info msg="&{{{0 0} 0 0 {{} 0} {{} 0}} 0xc0009124c8 <nil> 1 0xc0004be340 false 0 {0xc0001f4410} 0xc0000a6000 {{0 0} {[] {} <nil>} map[] 0} 0xc0004be410 <nil> 0xc0009126f0 false <nil>}"
time="2023-06-30T14:27:49+08:00" level=info msg="&{{{0 0} 0 0 {{} 0} {{} 0}} 0xc000236680 <nil> 1 0xc0004be340 false 0 {0xc0001f4410} 0xc0000a7080 {{0 0} {[] {} <nil>} map[] 0} 0xc0004be410 <nil> 0xc000912a20 false <nil>}"
time="2023-06-30T14:27:50+08:00" level=info msg="&{{{0 0} 0 0 {{} 0} {{} 0}} 0xc0009f6480 <nil> 1 0xc0004be340 false 0 {0xc0001f4410} 0xc0009fa9a0 {{0 0} {[] {} <nil>} map[] 0} 0xc0004be410 <nil> 0xc000706288 false <nil>}"
time="2023-06-30T14:27:50+08:00" level=info msg="&{{{0 0} 0 0 {{} 0} {{} 0}} 0xc000706630 <nil> 1 0xc0004be340 false 0 {0xc0001f4410} 0xc0005a86e0 {{0 0} {[] {} <nil>} map[] 0} 0xc0004be410 <nil> 0xc000706858 false <nil>}"
time="2023-06-30T14:27:50+08:00" level=info msg="&{{{0 0} 0 0 {{} 0} {{} 0}} 0xc000560500 <nil> 1 0xc0004be340 false 0 {0xc0001f4410} 0xc0005a9760 {{0 0} {[] {} <nil>} map[] 0} 0xc0004be410 <nil> 0xc000706b88 false <nil>}"
time="2023-06-30T14:27:55+08:00" level=info msg="&{{{0 0} 0 0 {{} 0} {{} 0}} 0xc000372540 <nil> 1 0xc0004be340 false 0 {0xc0001f4410} 0xc00031cb00 {{0 0} {[] {} <nil>} map[] 0} 0xc0004be410 <nil> 0xc0007062b8 false <nil>}"
time="2023-06-30T14:27:55+08:00" level=info msg="&{{{0 0} 0 0 {{} 0} {{} 0}} 0xc0007064f8 <nil> 1 0xc0004be340 false 0 {0xc0001f4410} 0xc0001f82c0 {{0 0} {[] {} <nil>} map[] 0} 0xc0004be410 <nil> 0xc000706720 false <nil>}"
time="2023-06-30T14:27:55+08:00" level=info msg="&{{{0 0} 0 0 {{} 0} {{} 0}} 0xc00032c540 <nil> 1 0xc0004be340 false 0 {0xc0001f4410} 0xc0001f9340 {{0 0} {[] {} <nil>} map[] 0} 0xc0004be410 <nil> 0xc000706a50 false <nil>}"
ea9a0 {{0 0} {[] {} <nil>} map[] 0} 0xc00079d380 <nil> 0xc000008300 false <nil>}"
time="2023-06-30T14:22:54+08:00" level=info msg="&{{{0 0} 0 0 {{} 0} {{} 0}} 0xc0007eb7c0 record not found 0 0xc00079d2b0 false 0 {0xc0001f0410} 0xc0000ebce0 {{0 0} {[] {} <nil>} map[] 0} 0xc00079d380 <nil> 0xc0000086a8 false <nil>}"
time="2023-06-30T14:23:02+08:00" level=info msg="&{{{0 0} 0 0 {{} 0} {{} 0}} 0xc0000fdf20 <nil> 1 0xc00079d2b0 false 0 {0xc0001f0410} 0xc0001f6c60 {{0 0} {[] {} <nil>} map[] 0} 0xc00079d380 <nil> 0xc0000083d8 false <nil>}"
time="2023-06-30T14:23:02+08:00" level=error msg="获取存储空间实例错误 bucket name  len is between [3-63],now is 0"
time="2023-06-30T14:23:18+08:00" level=info msg="&{{{0 0} 0 0 {{} 0} {{} 0}} 0xc0007fbf20 <nil> 1 0xc00079d2b0 false 0 {0xc0001f0410} 0xc00057d080 {{0 0} {[] {} <nil>} map[] 0} 0xc00079d380 <nil> 0xc000609800 false <nil>}"
time="2023-06-30T14:23:18+08:00" level=info msg="&{{{0 0} 0 0 {{} 0} {{} 0}} 0xc000609bc0 <nil> 1 0xc00079d2b0 false 0 {0xc0001f0410} 0xc000468dc0 {{0 0} {[] {} <nil>} map[] 0} 0xc00079d380 <nil> 0xc000609de8 false <nil>}"
time="2023-06-30T14:23:18+08:00" level=info msg="&{{{0 0} 0 0 {{} 0} {{} 0}} 0xc0007fcd40 <nil> 1 0xc00079d2b0 false 0 {0xc0001f0410} 0xc000469e40 {{0 0} {[] {} <nil>} map[] 0} 0xc00079d380 <nil> 0xc000720618 false <nil>}"
time="2023-06-30T14:23:20+08:00" level=info msg="&{{{0 0} 0 0 {{} 0} {{} 0}} 0xc00073e8a0 <nil> 1 0xc00079d2b0 false 0 {0xc0001f0410} 0xc00016ab00 {{0 0} {[] {} <nil>} map[] 0} 0xc00079d380 <nil> 0xc0006082d0 false <nil>}"
time="2023-06-30T14:23:20+08:00" level=info msg="&{{{0 0} 0 0 {{} 0} {{} 0}} 0xc000608678 <nil> 1 0xc00079d2b0 false 0 {0xc0001f0410} 0xc00011c840 {{0 0} {[] {} <nil>} map[] 0} 0xc00079d380 <nil> 0xc0006088a0 false <nil>}"
time="2023-06-30T14:23:20+08:00" level=info msg="&{{{0 0} 0 0 {{} 0} {{} 0}} 0xc000032a00 record not found 0 0xc00079d2b0 false 0 {0xc0001f0410} 0xc00011db80 {{0 0} {[] {} <nil>} map[] 0} 0xc00079d380 <nil> 0xc000608c48 false <nil>}"
time="2023-06-30T14:23:21+08:00" level=error msg="openId parameter not set true"
time="2023-06-30T14:23:21+08:00" level=info msg="&{{{0 0} 0 0 {{} 0} {{} 0}} 0xc0004c4300 <nil> 1 0xc00079d2b0 false 0 {0xc0001f0410} 0xc0001b7ce0 {{0 0} {[] {} <nil>} map[] 0} 0xc00079d380 <nil> 0xc00047d4b8 false <nil>}"
time="2023-06-30T14:23:21+08:00" level=info msg="&{{{0 0} 0 0 {{} 0} {{} 0}} 0xc000450b60 <nil> 1 0xc00079d2b0 false 0 {0xc0001f0410} 0xc0004c66e0 {{0 0} {[] {} <nil>} map[] 0} 0xc00079d380 <nil> 0xc00047d6f8 false <nil>}"
time="2023-06-30T14:23:21+08:00" level=info msg="用户文件数量为count: &{{{0 0} 0 0 {{} 0} {{} 0}} 0xc00047d890 <nil> 0 0xc00079d2b0 false 0 {0xc0001f0410} 0xc0004c7760 {{0 0} {[] {} 0xc00005d1f0} map[] 0} 0xc00079d380 <nil> 0xc00047d9f8 false <nil>}"
